2021-10-03 18:14:14,061 INFO o.a.j.u.JMeterUtils: Setting Locale to zh_CN
2021-10-03 18:14:14,075 INFO o.a.j.JMeter: Loading user properties from: user.properties
2021-10-03 18:14:14,076 INFO o.a.j.JMeter: Loading system properties from: system.properties
2021-10-03 18:14:14,076 INFO o.a.j.JMeter: Setting JMeter property: jmeter.save.saveservice.output_format=xml
2021-10-03 18:14:14,083 INFO o.a.j.JMeter: Copyright (c) 1998-2021 The Apache Software Foundation
2021-10-03 18:14:14,084 INFO o.a.j.JMeter: Version 5.4.1
2021-10-03 18:14:14,084 INFO o.a.j.JMeter: java.version=1.8.0_291
2021-10-03 18:14:14,084 INFO o.a.j.JMeter: java.vm.name=Java HotSpot(TM) 64-Bit Server VM
2021-10-03 18:14:14,084 INFO o.a.j.JMeter: os.name=Windows 10
2021-10-03 18:14:14,084 INFO o.a.j.JMeter: os.arch=amd64
2021-10-03 18:14:14,084 INFO o.a.j.JMeter: os.version=10.0
2021-10-03 18:14:14,084 INFO o.a.j.JMeter: file.encoding=GBK
2021-10-03 18:14:14,084 INFO o.a.j.JMeter: java.awt.headless=true
2021-10-03 18:14:14,084 INFO o.a.j.JMeter: Max memory     =3806855168
2021-10-03 18:14:14,084 INFO o.a.j.JMeter: Available Processors =12
2021-10-03 18:14:14,090 INFO o.a.j.JMeter: Default Locale=中文 (中国)
2021-10-03 18:14:14,091 INFO o.a.j.JMeter: JMeter  Locale=中文 (中国)
2021-10-03 18:14:14,091 INFO o.a.j.JMeter: JMeterHome=E:\apache-jmeter-5.4.1
2021-10-03 18:14:14,091 INFO o.a.j.JMeter: user.dir  =E:\apache-jmeter-5.4.1\bin
2021-10-03 18:14:14,091 INFO o.a.j.JMeter: PWD       =E:\apache-jmeter-5.4.1\bin
2021-10-03 18:14:14,092 INFO o.a.j.JMeter: IP: 192.168.1.107 Name: Liliyard FullName: Liliyard
2021-10-03 18:14:14,096 INFO o.a.j.s.FileServer: Default base='E:\apache-jmeter-5.4.1\bin'
2021-10-03 18:14:14,097 INFO o.a.j.s.FileServer: Set new base='E:\apache-jmeter-5.4.1\tests\script'
2021-10-03 18:14:14,202 INFO o.a.j.s.SaveService: Testplan (JMX) version: 2.2. Testlog (JTL) version: 2.2
2021-10-03 18:14:14,218 INFO o.a.j.s.SaveService: Using SaveService properties file encoding UTF-8
2021-10-03 18:14:14,222 INFO o.a.j.s.SaveService: Using SaveService properties version 5.0
2021-10-03 18:14:14,227 INFO o.a.j.s.SaveService: Loading file: E:\apache-jmeter-5.4.1\tests\script\webservice.jmx
2021-10-03 18:14:14,255 INFO o.a.j.p.h.c.CookieManager: Settings: Delete null: true Check: true Allow variable: true Save: false Prefix: COOKIE_
2021-10-03 18:14:14,291 INFO o.a.j.p.h.s.HTTPSamplerBase: Parser for text/html is org.apache.jmeter.protocol.http.parser.LagartoBasedHtmlParser
2021-10-03 18:14:14,291 INFO o.a.j.p.h.s.HTTPSamplerBase: Parser for application/xhtml+xml is org.apache.jmeter.protocol.http.parser.LagartoBasedHtmlParser
2021-10-03 18:14:14,291 INFO o.a.j.p.h.s.HTTPSamplerBase: Parser for application/xml is org.apache.jmeter.protocol.http.parser.LagartoBasedHtmlParser
2021-10-03 18:14:14,291 INFO o.a.j.p.h.s.HTTPSamplerBase: Parser for text/xml is org.apache.jmeter.protocol.http.parser.LagartoBasedHtmlParser
2021-10-03 18:14:14,291 INFO o.a.j.p.h.s.HTTPSamplerBase: Parser for text/vnd.wap.wml is org.apache.jmeter.protocol.http.parser.RegexpHTMLParser
2021-10-03 18:14:14,291 INFO o.a.j.p.h.s.HTTPSamplerBase: Parser for text/css is org.apache.jmeter.protocol.http.parser.CssParser
2021-10-03 18:14:14,315 INFO o.a.j.JMeter: Creating summariser <summary>
2021-10-03 18:14:14,319 INFO o.a.j.e.StandardJMeterEngine: Running the test!
2021-10-03 18:14:14,319 INFO o.a.j.s.SampleEvent: List of sample_variables: []
2021-10-03 18:14:14,319 INFO o.a.j.s.SampleEvent: List of sample_variables: []
2021-10-03 18:14:14,323 INFO o.a.j.e.u.CompoundVariable: Note: Function class names must contain the string: '.functions.'
2021-10-03 18:14:14,323 INFO o.a.j.e.u.CompoundVariable: Note: Function class names must not contain the string: '.gui.'
2021-10-03 18:14:14,615 INFO o.a.j.JMeter: 正在运行的测试 (1633256054615)
2021-10-03 18:14:14,678 INFO o.a.j.e.StandardJMeterEngine: Starting ThreadGroup: 1 : 线程组
2021-10-03 18:14:14,679 INFO o.a.j.e.StandardJMeterEngine: Starting 1 threads for group 线程组.
2021-10-03 18:14:14,679 INFO o.a.j.e.StandardJMeterEngine: Thread will continue on error
2021-10-03 18:14:14,679 INFO o.a.j.t.ThreadGroup: Starting thread group... number=1 threads=1 ramp-up=1 delayedStart=false
2021-10-03 18:14:14,683 INFO o.a.j.t.ThreadGroup: Started thread group number 1
2021-10-03 18:14:14,684 INFO o.a.j.e.StandardJMeterEngine: All thread groups have been started
2021-10-03 18:14:14,685 INFO o.a.j.t.JMeterThread: Thread started: 线程组 1-1
2021-10-03 18:14:14,701 INFO o.a.j.p.h.s.HTTPHCAbstractImpl: Local host = Liliyard
2021-10-03 18:14:14,706 INFO o.a.j.p.h.s.HTTPHC4Impl: HTTP request retry count = 0
2021-10-03 18:14:14,707 INFO o.a.j.s.SampleResult: Note: Sample TimeStamps are START times
2021-10-03 18:14:14,707 INFO o.a.j.s.SampleResult: sampleresult.default.encoding is set to utf-8
2021-10-03 18:14:14,707 INFO o.a.j.s.SampleResult: sampleresult.useNanoTime=true
2021-10-03 18:14:14,707 INFO o.a.j.s.SampleResult: sampleresult.nanoThreadSleep=5000
2021-10-03 18:14:14,748 INFO o.a.j.f.FileWrapper: Attaching C:\Users\Liliyard\Desktop\mobile.txt
2021-10-03 18:14:14,748 INFO o.a.j.f.FileWrapper: Opening C:\Users\Liliyard\Desktop\mobile.txt as C:\Users\Liliyard\Desktop\mobile.txt
2021-10-03 18:14:14,748 INFO o.a.j.s.FileServer: Stored: C:\Users\Liliyard\Desktop\mobile.txt
2021-10-03 18:14:14,753 INFO o.a.j.f.FileWrapper: Saved C:\Users\Liliyard\Desktop\mobile.txt as C:\Users\Liliyard\Desktop\mobile.txt delimiter=<,>
2021-10-03 18:14:14,753 INFO o.a.j.f.FileWrapper: Stored C:\Users\Liliyard\Desktop\mobile.txt as C:\Users\Liliyard\Desktop\mobile.txt
2021-10-03 18:14:15,014 INFO o.a.j.p.h.s.h.LazyLayeredConnectionSocketFactory: Setting up HTTPS TrustAll Socket Factory
2021-10-03 18:14:15,019 INFO o.a.j.u.JsseSSLManager: Using default SSL protocol: TLS
2021-10-03 18:14:15,019 INFO o.a.j.u.JsseSSLManager: SSL session context: per-thread
2021-10-03 18:14:15,434 INFO o.a.j.u.SSLManager: JmeterKeyStore Location:  type JKS
2021-10-03 18:14:15,436 INFO o.a.j.u.SSLManager: KeyStore created OK
2021-10-03 18:14:15,436 WARN o.a.j.u.SSLManager: Keystore file not found, loading empty keystore
2021-10-03 18:14:59,033 INFO o.a.j.t.JMeterThread: Thread is done: 线程组 1-1
2021-10-03 18:14:59,034 INFO o.a.j.t.JMeterThread: Thread finished: 线程组 1-1
2021-10-03 18:14:59,036 INFO o.a.j.e.StandardJMeterEngine: Notifying test listeners of end of test
2021-10-03 18:14:59,037 INFO o.a.j.r.Summariser: summary =      8 in 00:00:44 =    0.2/s Avg:  5497 Min:    48 Max: 21014 Err:     4 (50.00%)
